<?xml version="1.0" encoding="UTF-8"?>
<testng-results ignored="0" total="1" passed="1" failed="0" skipped="0">
  <reporter-output>
  </reporter-output>
  <suite started-at="2022-05-07T17:50:40 EDT" name="Surefire suite" finished-at="2022-05-07T17:50:47 EDT" duration-ms="7942">
    <groups>
    </groups>
    <test started-at="2022-05-07T17:50:40 EDT" name="Surefire test" finished-at="2022-05-07T17:50:47 EDT" duration-ms="7942">
      <class name="us.piit.AppTest">
        <test-method is-config="true" signature="setup()[pri:0, instance:us.piit.AppTest@4e4aea35]" started-at="2022-05-07T17:50:40 EDT" name="setup" finished-at="2022-05-07T17:50:46 EDT" duration-ms="6252" status="PASS">
          <reporter-output>
          </reporter-output>
        </test-method> <!-- setup -->
        <test-method signature="test1()[pri:0, instance:us.piit.AppTest@4e4aea35]" started-at="2022-05-07T17:50:46 EDT" name="test1" finished-at="2022-05-07T17:50:47 EDT" duration-ms="1547" status="PASS">
          <reporter-output>
          </reporter-output>
        </test-method> <!-- test1 -->
        <test-method is-config="true" signature="afterMethod()[pri:0, instance:us.piit.AppTest@4e4aea35]" started-at="2022-05-07T17:50:47 EDT" name="afterMethod" finished-at="2022-05-07T17:50:47 EDT" duration-ms="122" status="PASS">
          <reporter-output>
          </reporter-output>
        </test-method> <!-- afterMethod -->
      </class> <!-- us.piit.AppTest -->
    </test> <!-- Surefire test -->
  </suite> <!-- Surefire suite -->
</testng-results>
